<?xml version="1.0" encoding="UTF-8"?>
<!-- Generated by org.testng.reporters.JUnitReportReporter -->
<testsuite hostname="DELL-PC" name="test_Services.TestMessages" tests="2" failures="0" timestamp="8 May 2015 17:18:38 GMT" time="0.028" errors="0">
  <testcase name="testSendSingleMessage" time="0.001" classname="test_Services.TestMessages"/>
  <testcase name="testSendGroupMessage" time="0.027" classname="test_Services.TestMessages"/>
</testsuite> <!-- test_Services.TestMessages -->
